<?xml version="1.0" encoding="UTF-8"?>
<!-- Generated by org.testng.reporters.JUnitXMLReporter -->
<testsuite ignored="0" hostname="ASUS-eBook" failures="0" tests="1" name="Project_OpenCart" time="0.12" errors="0" timestamp="2026-04-29T11:05:20 IST">
  <testcase classname="testBase.BaseClass" name="@BeforeClass setUp" time="-1.777440920114E9">
    <failure type="org.testng.TestNGException" message="
Parameter &amp;apos;OS&amp;apos; is required by BeforeClass on method setUp but has not been marked @Optional or defined
in C:\Users\ASUS\AppData\Local\JetBrains\IdeaIC2025.1\temp-testng-customsuite.xml">
      <![CDATA[org.testng.TestNGException: 
Parameter 'OS' is required by BeforeClass on method setUp but has not been marked @Optional or defined
in C:\Users\ASUS\AppData\Local\JetBrains\IdeaIC2025.1\temp-testng-customsuite.xml
at java.base/java.util.ArrayList.forEach(ArrayList.java:1596)
at com.intellij.rt.testng.IDEARemoteTestNG.run(IDEARemoteTestNG.java:65)
at com.intellij.rt.testng.RemoteTestNGStarter.main(RemoteTestNGStarter.java:105)
... Removed 19 stack frames]]>
    </failure>
  </testcase> <!-- @BeforeClass setUp -->
  <testcase classname="testBase.BaseClass" name="@AfterClass tearDown" time="0.0">
    <skipped/>
  </testcase> <!-- @AfterClass tearDown -->
  <testcase classname="testCases.TC002_LoginTest" name="verify_login" time="0.0">
    <skipped/>
  </testcase> <!-- verify_login -->
</testsuite> <!-- Project_OpenCart -->
