<?xml version="1.0" encoding="UTF-8"?>
<testng-results ignored="0" total="4" passed="4" failed="0" skipped="0">
  <reporter-output>
  </reporter-output>
  <suite started-at="2025-12-27T21:44:45 IST" name="Suite" finished-at="2025-12-27T21:45:30 IST" duration-ms="45447">
    <groups>
      <group name="Master">
        <method signature="TC001_AccountRegistrationTest.account_registration()[pri:0, instance:testCases.TC001_AccountRegistrationTest@7502291e]" name="account_registration" class="testCases.TC001_AccountRegistrationTest"/>
        <method signature="TC002_LoginTest.verify_login()[pri:0, instance:testCases.TC002_LoginTest@530712d]" name="verify_login" class="testCases.TC002_LoginTest"/>
        <method signature="TC001_AccountRegistrationTest.account_registration()[pri:0, instance:testCases.TC001_AccountRegistrationTest@ebaa6cb]" name="account_registration" class="testCases.TC001_AccountRegistrationTest"/>
        <method signature="TC002_LoginTest.verify_login()[pri:0, instance:testCases.TC002_LoginTest@576f63f6]" name="verify_login" class="testCases.TC002_LoginTest"/>
      </group> <!-- Master -->
      <group name="Sanity">
        <method signature="TC002_LoginTest.verify_login()[pri:0, instance:testCases.TC002_LoginTest@530712d]" name="verify_login" class="testCases.TC002_LoginTest"/>
        <method signature="TC002_LoginTest.verify_login()[pri:0, instance:testCases.TC002_LoginTest@576f63f6]" name="verify_login" class="testCases.TC002_LoginTest"/>
      </group> <!-- Sanity -->
      <group name="Regression">
        <method signature="TC001_AccountRegistrationTest.account_registration()[pri:0, instance:testCases.TC001_AccountRegistrationTest@7502291e]" name="account_registration" class="testCases.TC001_AccountRegistrationTest"/>
        <method signature="TC001_AccountRegistrationTest.account_registration()[pri:0, instance:testCases.TC001_AccountRegistrationTest@ebaa6cb]" name="account_registration" class="testCases.TC001_AccountRegistrationTest"/>
      </group> <!-- Regression -->
    </groups>
    <test started-at="2025-12-27T21:44:45 IST" name="Linux-Chrome" finished-at="2025-12-27T21:45:03 IST" duration-ms="17691">
      <class name="testCases.TC002_LoginTest">
        <test-method is-config="true" signature="setUp(java.lang.String,java.lang.String)[pri:0, instance:testCases.TC002_LoginTest@530712d]" started-at="2025-12-27T21:44:58 IST" name="setUp" finished-at="2025-12-27T21:45:00 IST" duration-ms="2194" status="PASS">
          <params>
            <param index="0">
              <value>
                <![CDATA[Linux]]>
              </value>
            </param>
            <param index="1">
              <value>
                <![CDATA[chrome]]>
              </value>
            </param>
          </params>
          <reporter-output>
          </reporter-output>
        </test-method> <!-- setUp -->
        <test-method signature="verify_login()[pri:0, instance:testCases.TC002_LoginTest@530712d]" started-at="2025-12-27T21:45:00 IST" name="verify_login" finished-at="2025-12-27T21:45:03 IST" duration-ms="2588" status="PASS">
          <reporter-output>
          </reporter-output>
        </test-method> <!-- verify_login -->
        <test-method is-config="true" signature="tearDown()[pri:0, instance:testCases.TC002_LoginTest@530712d]" started-at="2025-12-27T21:45:03 IST" name="tearDown" finished-at="2025-12-27T21:45:03 IST" duration-ms="164" status="PASS">
          <reporter-output>
          </reporter-output>
        </test-method> <!-- tearDown -->
      </class> <!-- testCases.TC002_LoginTest -->
      <class name="testCases.TC001_AccountRegistrationTest">
        <test-method is-config="true" signature="setUp(java.lang.String,java.lang.String)[pri:0, instance:testCases.TC001_AccountRegistrationTest@7502291e]" started-at="2025-12-27T21:44:45 IST" name="setUp" finished-at="2025-12-27T21:44:53 IST" duration-ms="7809" status="PASS">
          <params>
            <param index="0">
              <value>
                <![CDATA[Linux]]>
              </value>
            </param>
            <param index="1">
              <value>
                <![CDATA[chrome]]>
              </value>
            </param>
          </params>
          <reporter-output>
          </reporter-output>
        </test-method> <!-- setUp -->
        <test-method signature="account_registration()[pri:0, instance:testCases.TC001_AccountRegistrationTest@7502291e]" started-at="2025-12-27T21:44:53 IST" name="account_registration" finished-at="2025-12-27T21:44:58 IST" duration-ms="4236" status="PASS">
          <reporter-output>
          </reporter-output>
        </test-method> <!-- account_registration -->
        <test-method is-config="true" signature="tearDown()[pri:0, instance:testCases.TC001_AccountRegistrationTest@7502291e]" started-at="2025-12-27T21:44:58 IST" name="tearDown" finished-at="2025-12-27T21:44:58 IST" duration-ms="232" status="PASS">
          <reporter-output>
          </reporter-output>
        </test-method> <!-- tearDown -->
      </class> <!-- testCases.TC001_AccountRegistrationTest -->
    </test> <!-- Linux-Chrome -->
    <test started-at="2025-12-27T21:45:04 IST" name="Linux-Firefox" finished-at="2025-12-27T21:45:30 IST" duration-ms="26065">
      <class name="testCases.TC002_LoginTest">
        <test-method is-config="true" signature="setUp(java.lang.String,java.lang.String)[pri:0, instance:testCases.TC002_LoginTest@576f63f6]" started-at="2025-12-27T21:45:19 IST" name="setUp" finished-at="2025-12-27T21:45:27 IST" duration-ms="7678" status="PASS">
          <params>
            <param index="0">
              <value>
                <![CDATA[Linux]]>
              </value>
            </param>
            <param index="1">
              <value>
                <![CDATA[firefox]]>
              </value>
            </param>
          </params>
          <reporter-output>
          </reporter-output>
        </test-method> <!-- setUp -->
        <test-method signature="verify_login()[pri:0, instance:testCases.TC002_LoginTest@576f63f6]" started-at="2025-12-27T21:45:27 IST" name="verify_login" finished-at="2025-12-27T21:45:29 IST" duration-ms="2138" status="PASS">
          <reporter-output>
          </reporter-output>
        </test-method> <!-- verify_login -->
        <test-method is-config="true" signature="tearDown()[pri:0, instance:testCases.TC002_LoginTest@576f63f6]" started-at="2025-12-27T21:45:29 IST" name="tearDown" finished-at="2025-12-27T21:45:30 IST" duration-ms="1737" status="PASS">
          <reporter-output>
          </reporter-output>
        </test-method> <!-- tearDown -->
      </class> <!-- testCases.TC002_LoginTest -->
      <class name="testCases.TC001_AccountRegistrationTest">
        <test-method is-config="true" signature="setUp(java.lang.String,java.lang.String)[pri:0, instance:testCases.TC001_AccountRegistrationTest@ebaa6cb]" started-at="2025-12-27T21:45:04 IST" name="setUp" finished-at="2025-12-27T21:45:14 IST" duration-ms="9448" status="PASS">
          <params>
            <param index="0">
              <value>
                <![CDATA[Linux]]>
              </value>
            </param>
            <param index="1">
              <value>
                <![CDATA[firefox]]>
              </value>
            </param>
          </params>
          <reporter-output>
          </reporter-output>
        </test-method> <!-- setUp -->
        <test-method signature="account_registration()[pri:0, instance:testCases.TC001_AccountRegistrationTest@ebaa6cb]" started-at="2025-12-27T21:45:14 IST" name="account_registration" finished-at="2025-12-27T21:45:17 IST" duration-ms="3350" status="PASS">
          <reporter-output>
          </reporter-output>
        </test-method> <!-- account_registration -->
        <test-method is-config="true" signature="tearDown()[pri:0, instance:testCases.TC001_AccountRegistrationTest@ebaa6cb]" started-at="2025-12-27T21:45:17 IST" name="tearDown" finished-at="2025-12-27T21:45:19 IST" duration-ms="1701" status="PASS">
          <reporter-output>
          </reporter-output>
        </test-method> <!-- tearDown -->
      </class> <!-- testCases.TC001_AccountRegistrationTest -->
    </test> <!-- Linux-Firefox -->
  </suite> <!-- Suite -->
</testng-results>
