<?xml version="1.0" encoding="UTF-8"?>
<!-- Generated by org.testng.reporters.JUnitReportReporter -->
<testsuite hostname="ASUS-eBook" failures="0" tests="6" name="testCases.TC003_LoginDDT" time="30.907" errors="0" timestamp="2025-12-25T12:01:37 IST" skipped="0">
  <testcase classname="testCases.TC003_LoginDDT" name="verify_login" time="11.316"/>
  <testcase classname="testCases.TC003_LoginDDT" name="verify_login" time="1.995"/>
  <testcase classname="testCases.TC003_LoginDDT" name="verify_login" time="2.087"/>
  <testcase classname="testCases.TC003_LoginDDT" name="verify_login" time="1.837"/>
  <testcase classname="testCases.TC003_LoginDDT" name="verify_login" time="11.730"/>
  <testcase classname="testCases.TC003_LoginDDT" name="verify_login" time="1.942"/>
</testsuite> <!-- testCases.TC003_LoginDDT -->
