<?xml version="1.0" encoding="UTF-8"?>
<!-- Generated by org.testng.reporters.JUnitReportReporter -->
<testsuite hostname="ASUS-eBook" failures="0" tests="2" name="testCases.TC001_AccountRegistrationTest" time="7.586" errors="0" timestamp="2025-12-27T21:45:32 IST" skipped="0">
  <testcase classname="testCases.TC001_AccountRegistrationTest" name="account_registration" time="4.236"/>
  <testcase classname="testCases.TC001_AccountRegistrationTest" name="account_registration" time="3.350"/>
</testsuite> <!-- testCases.TC001_AccountRegistrationTest -->
